[debug] [2025-02-18T18:08:26.440Z] ----------------------------------------------------------------------
[debug] [2025-02-18T18:08:26.441Z] Command:       /usr/local/share/nvm/versions/node/v20.12.1/bin/node /project/sandbox/user-workspace/healthcare-emr/node_modules/.bin/firebase emulators:start --only firestore
[debug] [2025-02-18T18:08:26.441Z] CLI Version:   12.9.1
[debug] [2025-02-18T18:08:26.442Z] Platform:      linux
[debug] [2025-02-18T18:08:26.442Z] Node Version:  v20.12.1
[debug] [2025-02-18T18:08:26.442Z] Time:          Tue Feb 18 2025 18:08:26 GMT+0000 (Coordinated Universal Time)
[debug] [2025-02-18T18:08:26.442Z] ----------------------------------------------------------------------
[debug] 
[debug] [2025-02-18T18:08:26.515Z] > command requires scopes: ["email","openid","https://www.googleapis.com/auth/cloudplatformprojects.readonly","https://www.googleapis.com/auth/firebase","https://www.googleapis.com/auth/cloud-platform"]
[debug] [2025-02-18T18:08:26.515Z] > authorizing via signed-in user (maalam@gmail.com)
[debug] [2025-02-18T18:08:28.067Z] openjdk version "21.0.2" 2024-01-16 LTS

[debug] [2025-02-18T18:08:28.068Z] OpenJDK Runtime Environment Microsoft-8905927 (build 21.0.2+13-LTS)
OpenJDK 64-Bit Server VM Microsoft-8905927 (build 21.0.2+13-LTS, mixed mode, sharing)

[debug] [2025-02-18T18:08:28.077Z] Parsed Java major version: 21
[info] i  emulators: Starting emulators: firestore {"metadata":{"emulator":{"name":"hub"},"message":"Starting emulators: firestore"}}
[debug] [2025-02-18T18:08:28.081Z] [logging] Logging Emulator only supports listening on one address (127.0.0.1). Not listening on ::1
[debug] [2025-02-18T18:08:28.082Z] [firestore] Firestore Emulator only supports listening on one address (127.0.0.1). Not listening on ::1
[debug] [2025-02-18T18:08:28.082Z] [firestore.websocket] websocket server for firestore only supports listening on one address (127.0.0.1). Not listening on ::1
[debug] [2025-02-18T18:08:28.082Z] assigned listening specs for emulators {"user":{"hub":[{"address":"127.0.0.1","family":"IPv4","port":4400},{"address":"::1","family":"IPv6","port":4400}],"ui":[{"address":"127.0.0.1","family":"IPv4","port":4000},{"address":"::1","family":"IPv6","port":4000}],"logging":[{"address":"127.0.0.1","family":"IPv4","port":4500}],"firestore":[{"address":"127.0.0.1","family":"IPv4","port":8080}],"firestore.websocket":[{"address":"127.0.0.1","family":"IPv4","port":9150}]},"metadata":{"message":"assigned listening specs for emulators"}}
[debug] [2025-02-18T18:08:28.085Z] [hub] writing locator at /tmp/hub-healthcare-emr-dev.json
[info] i  firestore: downloading cloud-firestore-emulator-v1.18.2.jar... {"metadata":{"emulator":{"name":"firestore"},"message":"downloading cloud-firestore-emulator-v1.18.2.jar..."}}
[debug] [2025-02-18T18:08:28.095Z] >>> [apiv2][query] GET https://storage.googleapis.com/firebase-preview-drop/emulator/cloud-firestore-emulator-v1.18.2.jar 
[debug] [2025-02-18T18:08:28.204Z] <<< [apiv2][status] GET https://storage.googleapis.com/firebase-preview-drop/emulator/cloud-firestore-emulator-v1.18.2.jar 200
[debug] [2025-02-18T18:08:28.204Z] <<< [apiv2][body] GET https://storage.googleapis.com/firebase-preview-drop/emulator/cloud-firestore-emulator-v1.18.2.jar [stream]
[debug] [2025-02-18T18:08:29.937Z] Ignoring unsupported arg: auto_download {"metadata":{"emulator":{"name":"firestore"},"message":"Ignoring unsupported arg: auto_download"}}
[debug] [2025-02-18T18:08:29.937Z] Ignoring unsupported arg: single_project_mode_error {"metadata":{"emulator":{"name":"firestore"},"message":"Ignoring unsupported arg: single_project_mode_error"}}
[debug] [2025-02-18T18:08:29.938Z] Starting Firestore Emulator with command {"binary":"java","args":["-Dgoogle.cloud_firestore.debug_log_level=FINE","-Duser.language=en","-jar","/root/.cache/firebase/emulators/cloud-firestore-emulator-v1.18.2.jar","--host","127.0.0.1","--port",8080,"--websocket_port",9150,"--project_id","healthcare-emr-dev","--rules","/project/sandbox/user-workspace/healthcare-emr/firestore.rules","--single_project_mode",true],"optionalArgs":["port","webchannel_port","host","rules","websocket_port","functions_emulator","seed_from_export","project_id","single_project_mode"],"joinArgs":false} {"metadata":{"emulator":{"name":"firestore"},"message":"Starting Firestore Emulator with command {\"binary\":\"java\",\"args\":[\"-Dgoogle.cloud_firestore.debug_log_level=FINE\",\"-Duser.language=en\",\"-jar\",\"/root/.cache/firebase/emulators/cloud-firestore-emulator-v1.18.2.jar\",\"--host\",\"127.0.0.1\",\"--port\",8080,\"--websocket_port\",9150,\"--project_id\",\"healthcare-emr-dev\",\"--rules\",\"/project/sandbox/user-workspace/healthcare-emr/firestore.rules\",\"--single_project_mode\",true],\"optionalArgs\":[\"port\",\"webchannel_port\",\"host\",\"rules\",\"websocket_port\",\"functions_emulator\",\"seed_from_export\",\"project_id\",\"single_project_mode\"],\"joinArgs\":false}"}}
[info] i  firestore: Firestore Emulator logging to firestore-debug.log {"metadata":{"emulator":{"name":"firestore"},"message":"Firestore Emulator logging to \u001b[1mfirestore-debug.log\u001b[22m"}}
[debug] [2025-02-18T18:08:33.040Z] Feb 18, 2025 6:08:33 PM com.google.cloud.datastore.emulator.firestore.websocket.WebSocketServer start
INFO: Started WebSocket server on ws://127.0.0.1:9150
 {"metadata":{"emulator":{"name":"firestore"},"message":"Feb 18, 2025 6:08:33 PM com.google.cloud.datastore.emulator.firestore.websocket.WebSocketServer start\nINFO: Started WebSocket server on ws://127.0.0.1:9150\n"}}
[debug] [2025-02-18T18:08:33.090Z] API endpoint: http://127.0.0.1:8080 {"metadata":{"emulator":{"name":"firestore"},"message":"API endpoint: http://127.0.0.1:8080"}}
[debug] [2025-02-18T18:08:33.090Z] 
If you are using a library that supports the FIRESTORE_EMULATOR_HOST environment variable, run:

   export FIRESTORE_EMULATOR_HOST=127.0.0.1:8080

Dev App Server is now running.

 {"metadata":{"emulator":{"name":"firestore"},"message":"\nIf you are using a library that supports the FIRESTORE_EMULATOR_HOST environment variable, run:\n\n   export FIRESTORE_EMULATOR_HOST=127.0.0.1:8080\n\nDev App Server is now running.\n\n"}}
[info] ✔  firestore: Firestore Emulator UI websocket is running on 9150. {"metadata":{"emulator":{"name":"firestore"},"message":"Firestore Emulator UI websocket is running on 9150."}}
[info] i  ui: downloading ui-v1.11.7.zip... {"metadata":{"emulator":{"name":"ui"},"message":"downloading ui-v1.11.7.zip..."}}
[debug] [2025-02-18T18:08:33.216Z] >>> [apiv2][query] GET https://storage.googleapis.com/firebase-preview-drop/emulator/ui-v1.11.7.zip 
[debug] [2025-02-18T18:08:33.320Z] <<< [apiv2][status] GET https://storage.googleapis.com/firebase-preview-drop/emulator/ui-v1.11.7.zip 200
[debug] [2025-02-18T18:08:33.320Z] <<< [apiv2][body] GET https://storage.googleapis.com/firebase-preview-drop/emulator/ui-v1.11.7.zip [stream]
[debug] [2025-02-18T18:08:33.388Z] Data is 3064105
[debug] [2025-02-18T18:08:33.389Z] [unzip] Entry: client/ (compressed_size=0 bytes, uncompressed_size=0 bytes)
[debug] [2025-02-18T18:08:33.389Z] [unzip] Processing entry: client/
[debug] [2025-02-18T18:08:33.389Z] [unzip] mkdir: /root/.cache/firebase/emulators/ui-v1.11.7/client/
[debug] [2025-02-18T18:08:33.389Z] [unzip] Entry: client/favicon.ico (compressed_size=2497 bytes, uncompressed_size=7406 bytes)
[debug] [2025-02-18T18:08:33.389Z] [unzip] Processing entry: client/favicon.ico
[debug] [2025-02-18T18:08:33.390Z] [unzip] else mkdir: /root/.cache/firebase/emulators/ui-v1.11.7/client
[debug] [2025-02-18T18:08:33.390Z] [unzip] deflating: /root/.cache/firebase/emulators/ui-v1.11.7/client/favicon.ico
[debug] [2025-02-18T18:08:33.393Z] [unzip] Entry: client/apple-touch-icon.png (compressed_size=7231 bytes, uncompressed_size=7367 bytes)
[debug] [2025-02-18T18:08:33.393Z] [unzip] Processing entry: client/apple-touch-icon.png
[debug] [2025-02-18T18:08:33.393Z] [unzip] else mkdir: /root/.cache/firebase/emulators/ui-v1.11.7/client
[debug] [2025-02-18T18:08:33.393Z] [unzip] deflating: /root/.cache/firebase/emulators/ui-v1.11.7/client/apple-touch-icon.png
[debug] [2025-02-18T18:08:33.394Z] [unzip] Entry: client/android-chrome-512x512.png (compressed_size=16987 bytes, uncompressed_size=18186 bytes)
[debug] [2025-02-18T18:08:33.394Z] [unzip] Processing entry: client/android-chrome-512x512.png
[debug] [2025-02-18T18:08:33.394Z] [unzip] else mkdir: /root/.cache/firebase/emulators/ui-v1.11.7/client
[debug] [2025-02-18T18:08:33.395Z] [unzip] deflating: /root/.cache/firebase/emulators/ui-v1.11.7/client/android-chrome-512x512.png
[debug] [2025-02-18T18:08:33.396Z] [unzip] Entry: client/assets/ (compressed_size=0 bytes, uncompressed_size=0 bytes)
[debug] [2025-02-18T18:08:33.396Z] [unzip] Processing entry: client/assets/
[debug] [2025-02-18T18:08:33.396Z] [unzip] mkdir: /root/.cache/firebase/emulators/ui-v1.11.7/client/assets/
[debug] [2025-02-18T18:08:33.396Z] [unzip] Entry: client/assets/extensions/ (compressed_size=0 bytes, uncompressed_size=0 bytes)
[debug] [2025-02-18T18:08:33.396Z] [unzip] Processing entry: client/assets/extensions/
[debug] [2025-02-18T18:08:33.396Z] [unzip] mkdir: /root/.cache/firebase/emulators/ui-v1.11.7/client/assets/extensions/
[debug] [2025-02-18T18:08:33.397Z] [unzip] Entry: client/assets/extensions/default-extension.png (compressed_size=1646 bytes, uncompressed_size=1657 bytes)
[debug] [2025-02-18T18:08:33.397Z] [unzip] Processing entry: client/assets/extensions/default-extension.png
[debug] [2025-02-18T18:08:33.397Z] [unzip] else mkdir: /root/.cache/firebase/emulators/ui-v1.11.7/client/assets/extensions
[debug] [2025-02-18T18:08:33.398Z] [unzip] deflating: /root/.cache/firebase/emulators/ui-v1.11.7/client/assets/extensions/default-extension.png
[debug] [2025-02-18T18:08:33.398Z] [unzip] Entry: client/assets/index.58ca09f7.css (compressed_size=37601 bytes, uncompressed_size=321252 bytes)
[debug] [2025-02-18T18:08:33.399Z] [unzip] Processing entry: client/assets/index.58ca09f7.css
[debug] [2025-02-18T18:08:33.399Z] [unzip] else mkdir: /root/.cache/firebase/emulators/ui-v1.11.7/client/assets
[debug] [2025-02-18T18:08:33.399Z] [unzip] deflating: /root/.cache/firebase/emulators/ui-v1.11.7/client/assets/index.58ca09f7.css
[debug] [2025-02-18T18:08:33.401Z] [unzip] Entry: client/assets/index.c2583d42.js (compressed_size=526232 bytes, uncompressed_size=1860152 bytes)
[debug] [2025-02-18T18:08:33.402Z] [unzip] Processing entry: client/assets/index.c2583d42.js
[debug] [2025-02-18T18:08:33.402Z] [unzip] else mkdir: /root/.cache/firebase/emulators/ui-v1.11.7/client/assets
[debug] [2025-02-18T18:08:33.402Z] [unzip] deflating: /root/.cache/firebase/emulators/ui-v1.11.7/client/assets/index.c2583d42.js
[debug] [2025-02-18T18:08:33.409Z] [unzip] Entry: client/assets/provider-icons/ (compressed_size=0 bytes, uncompressed_size=0 bytes)
[debug] [2025-02-18T18:08:33.409Z] [unzip] Processing entry: client/assets/provider-icons/
[debug] [2025-02-18T18:08:33.409Z] [unzip] mkdir: /root/.cache/firebase/emulators/ui-v1.11.7/client/assets/provider-icons/
[debug] [2025-02-18T18:08:33.410Z] [unzip] Entry: client/assets/provider-icons/auth_service_oidc.svg (compressed_size=414 bytes, uncompressed_size=858 bytes)
[debug] [2025-02-18T18:08:33.410Z] [unzip] Processing entry: client/assets/provider-icons/auth_service_oidc.svg
[debug] [2025-02-18T18:08:33.410Z] [unzip] else mkdir: /root/.cache/firebase/emulators/ui-v1.11.7/client/assets/provider-icons
[debug] [2025-02-18T18:08:33.410Z] [unzip] deflating: /root/.cache/firebase/emulators/ui-v1.11.7/client/assets/provider-icons/auth_service_oidc.svg
[debug] [2025-02-18T18:08:33.411Z] [unzip] Entry: client/assets/provider-icons/auth_service_yahoo.svg (compressed_size=577 bytes, uncompressed_size=1182 bytes)
[debug] [2025-02-18T18:08:33.411Z] [unzip] Processing entry: client/assets/provider-icons/auth_service_yahoo.svg
[debug] [2025-02-18T18:08:33.411Z] [unzip] else mkdir: /root/.cache/firebase/emulators/ui-v1.11.7/client/assets/provider-icons
[debug] [2025-02-18T18:08:33.411Z] [unzip] deflating: /root/.cache/firebase/emulators/ui-v1.11.7/client/assets/provider-icons/auth_service_yahoo.svg
[debug] [2025-02-18T18:08:33.412Z] [unzip] Entry: client/assets/provider-icons/auth_service_phone.svg (compressed_size=261 bytes, uncompressed_size=414 bytes)
[debug] [2025-02-18T18:08:33.412Z] [unzip] Processing entry: client/assets/provider-icons/auth_service_phone.svg
[debug] [2025-02-18T18:08:33.412Z] [unzip] else mkdir: /root/.cache/firebase/emulators/ui-v1.11.7/client/assets/provider-icons
[debug] [2025-02-18T18:08:33.412Z] [unzip] deflating: /root/.cache/firebase/emulators/ui-v1.11.7/client/assets/provider-icons/auth_service_phone.svg
[debug] [2025-02-18T18:08:33.413Z] [unzip] Entry: client/assets/provider-icons/auth_service_saml.svg (compressed_size=575 bytes, uncompressed_size=1226 bytes)
[debug] [2025-02-18T18:08:33.413Z] [unzip] Processing entry: client/assets/provider-icons/auth_service_saml.svg
[debug] [2025-02-18T18:08:33.413Z] [unzip] else mkdir: /root/.cache/firebase/emulators/ui-v1.11.7/client/assets/provider-icons
[debug] [2025-02-18T18:08:33.414Z] [unzip] deflating: /root/.cache/firebase/emulators/ui-v1.11.7/client/assets/provider-icons/auth_service_saml.svg
[debug] [2025-02-18T18:08:33.414Z] [unzip] Entry: client/assets/provider-icons/auth_service_mslive.svg (compressed_size=203 bytes, uncompressed_size=378 bytes)
[debug] [2025-02-18T18:08:33.414Z] [unzip] Processing entry: client/assets/provider-icons/auth_service_mslive.svg
[debug] [2025-02-18T18:08:33.415Z] [unzip] else mkdir: /root/.cache/firebase/emulators/ui-v1.11.7/client/assets/provider-icons
[debug] [2025-02-18T18:08:33.415Z] [unzip] deflating: /root/.cache/firebase/emulators/ui-v1.11.7/client/assets/provider-icons/auth_service_mslive.svg
[debug] [2025-02-18T18:08:33.415Z] [unzip] Entry: client/assets/provider-icons/auth_service_facebook.svg (compressed_size=289 bytes, uncompressed_size=457 bytes)
[debug] [2025-02-18T18:08:33.416Z] [unzip] Processing entry: client/assets/provider-icons/auth_service_facebook.svg
[debug] [2025-02-18T18:08:33.416Z] [unzip] else mkdir: /root/.cache/firebase/emulators/ui-v1.11.7/client/assets/provider-icons
[debug] [2025-02-18T18:08:33.416Z] [unzip] deflating: /root/.cache/firebase/emulators/ui-v1.11.7/client/assets/provider-icons/auth_service_facebook.svg
[debug] [2025-02-18T18:08:33.417Z] [unzip] Entry: client/assets/provider-icons/auth_service_play_games.svg (compressed_size=565 bytes, uncompressed_size=1173 bytes)
[debug] [2025-02-18T18:08:33.417Z] [unzip] Processing entry: client/assets/provider-icons/auth_service_play_games.svg
[debug] [2025-02-18T18:08:33.417Z] [unzip] else mkdir: /root/.cache/firebase/emulators/ui-v1.11.7/client/assets/provider-icons
[debug] [2025-02-18T18:08:33.417Z] [unzip] deflating: /root/.cache/firebase/emulators/ui-v1.11.7/client/assets/provider-icons/auth_service_play_games.svg
[debug] [2025-02-18T18:08:33.418Z] [unzip] Entry: client/assets/provider-icons/auth_service_github.svg (compressed_size=466 bytes, uncompressed_size=838 bytes)
[debug] [2025-02-18T18:08:33.418Z] [unzip] Processing entry: client/assets/provider-icons/auth_service_github.svg
[debug] [2025-02-18T18:08:33.418Z] [unzip] else mkdir: /root/.cache/firebase/emulators/ui-v1.11.7/client/assets/provider-icons
[debug] [2025-02-18T18:08:33.418Z] [unzip] deflating: /root/.cache/firebase/emulators/ui-v1.11.7/client/assets/provider-icons/auth_service_github.svg
[debug] [2025-02-18T18:08:33.419Z] [unzip] Entry: client/assets/provider-icons/auth_service_apple.svg (compressed_size=230 bytes, uncompressed_size=334 bytes)
[debug] [2025-02-18T18:08:33.419Z] [unzip] Processing entry: client/assets/provider-icons/auth_service_apple.svg
[debug] [2025-02-18T18:08:33.419Z] [unzip] else mkdir: /root/.cache/firebase/emulators/ui-v1.11.7/client/assets/provider-icons
[debug] [2025-02-18T18:08:33.419Z] [unzip] deflating: /root/.cache/firebase/emulators/ui-v1.11.7/client/assets/provider-icons/auth_service_apple.svg
[debug] [2025-02-18T18:08:33.420Z] [unzip] Entry: client/assets/provider-icons/auth_service_google.svg (compressed_size=409 bytes, uncompressed_size=720 bytes)
[debug] [2025-02-18T18:08:33.420Z] [unzip] Processing entry: client/assets/provider-icons/auth_service_google.svg
[debug] [2025-02-18T18:08:33.420Z] [unzip] else mkdir: /root/.cache/firebase/emulators/ui-v1.11.7/client/assets/provider-icons
[debug] [2025-02-18T18:08:33.420Z] [unzip] deflating: /root/.cache/firebase/emulators/ui-v1.11.7/client/assets/provider-icons/auth_service_google.svg
[debug] [2025-02-18T18:08:33.421Z] [unzip] Entry: client/assets/provider-icons/auth_service_email.svg (compressed_size=228 bytes, uncompressed_size=326 bytes)
[debug] [2025-02-18T18:08:33.421Z] [unzip] Processing entry: client/assets/provider-icons/auth_service_email.svg
[debug] [2025-02-18T18:08:33.421Z] [unzip] else mkdir: /root/.cache/firebase/emulators/ui-v1.11.7/client/assets/provider-icons
[debug] [2025-02-18T18:08:33.421Z] [unzip] deflating: /root/.cache/firebase/emulators/ui-v1.11.7/client/assets/provider-icons/auth_service_email.svg
[debug] [2025-02-18T18:08:33.422Z] [unzip] Entry: client/assets/provider-icons/auth_service_twitter.svg (compressed_size=444 bytes, uncompressed_size=751 bytes)
[debug] [2025-02-18T18:08:33.422Z] [unzip] Processing entry: client/assets/provider-icons/auth_service_twitter.svg
[debug] [2025-02-18T18:08:33.422Z] [unzip] else mkdir: /root/.cache/firebase/emulators/ui-v1.11.7/client/assets/provider-icons
[debug] [2025-02-18T18:08:33.423Z] [unzip] deflating: /root/.cache/firebase/emulators/ui-v1.11.7/client/assets/provider-icons/auth_service_twitter.svg
[debug] [2025-02-18T18:08:33.423Z] [unzip] Entry: client/assets/provider-icons/auth_service_game_center.svg (compressed_size=991 bytes, uncompressed_size=3921 bytes)
[debug] [2025-02-18T18:08:33.423Z] [unzip] Processing entry: client/assets/provider-icons/auth_service_game_center.svg
[debug] [2025-02-18T18:08:33.423Z] [unzip] else mkdir: /root/.cache/firebase/emulators/ui-v1.11.7/client/assets/provider-icons
[debug] [2025-02-18T18:08:33.424Z] [unzip] deflating: /root/.cache/firebase/emulators/ui-v1.11.7/client/assets/provider-icons/auth_service_game_center.svg
[debug] [2025-02-18T18:08:33.424Z] [unzip] Entry: client/assets/index.c2583d42.js.map (compressed_size=1778557 bytes, uncompressed_size=7961927 bytes)
[debug] [2025-02-18T18:08:33.424Z] [unzip] Processing entry: client/assets/index.c2583d42.js.map
[debug] [2025-02-18T18:08:33.424Z] [unzip] else mkdir: /root/.cache/firebase/emulators/ui-v1.11.7/client/assets
[debug] [2025-02-18T18:08:33.425Z] [unzip] deflating: /root/.cache/firebase/emulators/ui-v1.11.7/client/assets/index.c2583d42.js.map
[debug] [2025-02-18T18:08:33.472Z] [unzip] Entry: client/assets/img/ (compressed_size=0 bytes, uncompressed_size=0 bytes)
[debug] [2025-02-18T18:08:33.472Z] [unzip] Processing entry: client/assets/img/
[debug] [2025-02-18T18:08:33.472Z] [unzip] mkdir: /root/.cache/firebase/emulators/ui-v1.11.7/client/assets/img/
[debug] [2025-02-18T18:08:33.472Z] [unzip] Entry: client/assets/img/database.png (compressed_size=29449 bytes, uncompressed_size=29988 bytes)
[debug] [2025-02-18T18:08:33.472Z] [unzip] Processing entry: client/assets/img/database.png
[debug] [2025-02-18T18:08:33.472Z] [unzip] else mkdir: /root/.cache/firebase/emulators/ui-v1.11.7/client/assets/img
[debug] [2025-02-18T18:08:33.472Z] [unzip] deflating: /root/.cache/firebase/emulators/ui-v1.11.7/client/assets/img/database.png
[debug] [2025-02-18T18:08:33.473Z] [unzip] Entry: client/safari-pinned-tab.svg (compressed_size=838 bytes, uncompressed_size=1504 bytes)
[debug] [2025-02-18T18:08:33.473Z] [unzip] Processing entry: client/safari-pinned-tab.svg
[debug] [2025-02-18T18:08:33.473Z] [unzip] else mkdir: /root/.cache/firebase/emulators/ui-v1.11.7/client
[debug] [2025-02-18T18:08:33.473Z] [unzip] deflating: /root/.cache/firebase/emulators/ui-v1.11.7/client/safari-pinned-tab.svg
[debug] [2025-02-18T18:08:33.474Z] [unzip] Entry: client/mstile-150x150.png (compressed_size=5406 bytes, uncompressed_size=5723 bytes)
[debug] [2025-02-18T18:08:33.474Z] [unzip] Processing entry: client/mstile-150x150.png
[debug] [2025-02-18T18:08:33.474Z] [unzip] else mkdir: /root/.cache/firebase/emulators/ui-v1.11.7/client
[debug] [2025-02-18T18:08:33.474Z] [unzip] deflating: /root/.cache/firebase/emulators/ui-v1.11.7/client/mstile-150x150.png
[debug] [2025-02-18T18:08:33.474Z] [unzip] Entry: client/browserconfig.xml (compressed_size=491 bytes, uncompressed_size=822 bytes)
[debug] [2025-02-18T18:08:33.474Z] [unzip] Processing entry: client/browserconfig.xml
[debug] [2025-02-18T18:08:33.474Z] [unzip] else mkdir: /root/.cache/firebase/emulators/ui-v1.11.7/client
[debug] [2025-02-18T18:08:33.475Z] [unzip] deflating: /root/.cache/firebase/emulators/ui-v1.11.7/client/browserconfig.xml
[debug] [2025-02-18T18:08:33.475Z] [unzip] Entry: client/robots.txt (compressed_size=26 bytes, uncompressed_size=26 bytes)
[debug] [2025-02-18T18:08:33.475Z] [unzip] Processing entry: client/robots.txt
[debug] [2025-02-18T18:08:33.475Z] [unzip] else mkdir: /root/.cache/firebase/emulators/ui-v1.11.7/client
[debug] [2025-02-18T18:08:33.475Z] [unzip] Writing file: /root/.cache/firebase/emulators/ui-v1.11.7/client/robots.txt
[debug] [2025-02-18T18:08:33.476Z] [unzip] Entry: client/index.html (compressed_size=1363 bytes, uncompressed_size=3064 bytes)
[debug] [2025-02-18T18:08:33.476Z] [unzip] Processing entry: client/index.html
[debug] [2025-02-18T18:08:33.476Z] [unzip] else mkdir: /root/.cache/firebase/emulators/ui-v1.11.7/client
[debug] [2025-02-18T18:08:33.476Z] [unzip] deflating: /root/.cache/firebase/emulators/ui-v1.11.7/client/index.html
[debug] [2025-02-18T18:08:33.476Z] [unzip] Entry: client/favicon-16x16.png (compressed_size=757 bytes, uncompressed_size=777 bytes)
[debug] [2025-02-18T18:08:33.476Z] [unzip] Processing entry: client/favicon-16x16.png
[debug] [2025-02-18T18:08:33.476Z] [unzip] else mkdir: /root/.cache/firebase/emulators/ui-v1.11.7/client
[debug] [2025-02-18T18:08:33.476Z] [unzip] deflating: /root/.cache/firebase/emulators/ui-v1.11.7/client/favicon-16x16.png
[debug] [2025-02-18T18:08:33.477Z] [unzip] Entry: client/manifest.json (compressed_size=246 bytes, uncompressed_size=551 bytes)
[debug] [2025-02-18T18:08:33.477Z] [unzip] Processing entry: client/manifest.json
[debug] [2025-02-18T18:08:33.477Z] [unzip] else mkdir: /root/.cache/firebase/emulators/ui-v1.11.7/client
[debug] [2025-02-18T18:08:33.477Z] [unzip] deflating: /root/.cache/firebase/emulators/ui-v1.11.7/client/manifest.json
[debug] [2025-02-18T18:08:33.477Z] [unzip] Entry: client/favicon-32x32.png (compressed_size=1175 bytes, uncompressed_size=1175 bytes)
[debug] [2025-02-18T18:08:33.477Z] [unzip] Processing entry: client/favicon-32x32.png
[debug] [2025-02-18T18:08:33.477Z] [unzip] else mkdir: /root/.cache/firebase/emulators/ui-v1.11.7/client
[debug] [2025-02-18T18:08:33.478Z] [unzip] Writing file: /root/.cache/firebase/emulators/ui-v1.11.7/client/favicon-32x32.png
[debug] [2025-02-18T18:08:33.478Z] [unzip] Entry: client/android-chrome-192x192.png (compressed_size=7602 bytes, uncompressed_size=7834 bytes)
[debug] [2025-02-18T18:08:33.478Z] [unzip] Processing entry: client/android-chrome-192x192.png
[debug] [2025-02-18T18:08:33.478Z] [unzip] else mkdir: /root/.cache/firebase/emulators/ui-v1.11.7/client
[debug] [2025-02-18T18:08:33.478Z] [unzip] deflating: /root/.cache/firebase/emulators/ui-v1.11.7/client/android-chrome-192x192.png
[debug] [2025-02-18T18:08:33.478Z] [unzip] Entry: server/ (compressed_size=0 bytes, uncompressed_size=0 bytes)
[debug] [2025-02-18T18:08:33.478Z] [unzip] Processing entry: server/
[debug] [2025-02-18T18:08:33.478Z] [unzip] mkdir: /root/.cache/firebase/emulators/ui-v1.11.7/server/
[debug] [2025-02-18T18:08:33.479Z] [unzip] Entry: server/server.js (compressed_size=343746 bytes, uncompressed_size=1346374 bytes)
[debug] [2025-02-18T18:08:33.479Z] [unzip] Processing entry: server/server.js
[debug] [2025-02-18T18:08:33.479Z] [unzip] else mkdir: /root/.cache/firebase/emulators/ui-v1.11.7/server
[debug] [2025-02-18T18:08:33.479Z] [unzip] deflating: /root/.cache/firebase/emulators/ui-v1.11.7/server/server.js
[debug] [2025-02-18T18:08:33.485Z] [unzip] Entry: server/server.js.map (compressed_size=289157 bytes, uncompressed_size=1325651 bytes)
[debug] [2025-02-18T18:08:33.485Z] [unzip] Processing entry: server/server.js.map
[debug] [2025-02-18T18:08:33.485Z] [unzip] else mkdir: /root/.cache/firebase/emulators/ui-v1.11.7/server
[debug] [2025-02-18T18:08:33.486Z] [unzip] deflating: /root/.cache/firebase/emulators/ui-v1.11.7/server/server.js.map
[debug] [2025-02-18T18:08:33.492Z] Ignoring unsupported arg: auto_download {"metadata":{"emulator":{"name":"ui"},"message":"Ignoring unsupported arg: auto_download"}}
[debug] [2025-02-18T18:08:33.492Z] Ignoring unsupported arg: port {"metadata":{"emulator":{"name":"ui"},"message":"Ignoring unsupported arg: port"}}
[debug] [2025-02-18T18:08:33.492Z] Starting Emulator UI with command {"binary":"node","args":["/root/.cache/firebase/emulators/ui-v1.11.7/server/server.js"],"optionalArgs":[],"joinArgs":false} {"metadata":{"emulator":{"name":"ui"},"message":"Starting Emulator UI with command {\"binary\":\"node\",\"args\":[\"/root/.cache/firebase/emulators/ui-v1.11.7/server/server.js\"],\"optionalArgs\":[],\"joinArgs\":false}"}}
[info] i  ui: Emulator UI logging to ui-debug.log {"metadata":{"emulator":{"name":"ui"},"message":"Emulator UI logging to \u001b[1mui-debug.log\u001b[22m"}}
[debug] [2025-02-18T18:08:33.586Z] Web / API server started at 127.0.0.1:4000
 {"metadata":{"emulator":{"name":"ui"},"message":"Web / API server started at 127.0.0.1:4000\n"}}
[debug] [2025-02-18T18:08:33.587Z] Web / API server started at ::1:4000
 {"metadata":{"emulator":{"name":"ui"},"message":"Web / API server started at ::1:4000\n"}}
[info] 
┌─────────────────────────────────────────────────────────────┐
│ ✔  All emulators ready! It is now safe to connect your app. │
│ i  View Emulator UI at http://127.0.0.1:4000/               │
└─────────────────────────────────────────────────────────────┘

┌───────────┬────────────────┬─────────────────────────────────┐
│ Emulator  │ Host:Port      │ View in Emulator UI             │
├───────────┼────────────────┼─────────────────────────────────┤
│ Firestore │ 127.0.0.1:8080 │ http://127.0.0.1:4000/firestore │
└───────────┴────────────────┴─────────────────────────────────┘
  Emulator Hub running at 127.0.0.1:4400
  Other reserved ports: 4500, 9150

Issues? Report them at https://github.com/firebase/firebase-tools/issues and attach the *-debug.log files.
 
